2025-03-04 04:59:13,886 - discord.client - WARNING - PyNaCl is not installed, voice will NOT be supported
2025-03-04 05:04:17,497 - discord.client - WARNING - PyNaCl is not installed, voice will NOT be supported
2025-03-04 05:04:17,498 - discord.client - INFO - logging in using static token
2025-03-04 05:04:17,876 - BotAutomation - INFO - Bot is setting up...
2025-03-04 05:04:18,130 - discord.gateway - INFO - Shard ID None has connected to Gateway (Session ID: 58574dc5b10c6c8d317dfbe5930b5223).
2025-03-04 05:04:20,153 - BotAutomation - INFO - Logged in as 🟠 Saiyans Bot メ ☁#3714
2025-03-04 05:04:22,020 - discord.client - WARNING - PyNaCl is not installed, voice will NOT be supported
2025-03-04 05:04:22,021 - discord.client - INFO - logging in using static token
2025-03-04 05:04:22,345 - BotAutomation - INFO - Bot is setting up...
2025-03-04 05:04:22,580 - discord.gateway - INFO - Shard ID None has connected to Gateway (Session ID: e2ebd6ac66225b569bea4115d8d7da77).
2025-03-04 05:04:23,638 - discord.client - WARNING - PyNaCl is not installed, voice will NOT be supported
2025-03-04 05:04:23,639 - discord.client - INFO - logging in using static token
2025-03-04 05:04:24,061 - BotAutomation - INFO - Bot is setting up...
2025-03-04 05:04:24,323 - discord.gateway - INFO - Shard ID None has connected to Gateway (Session ID: 32b5b78f99626907b2271de393d4b430).
2025-03-04 05:04:26,345 - BotAutomation - INFO - Logged in as 🟠 Saiyans Bot メ ☁#3714
2025-03-04 05:05:31,471 - discord.client - WARNING - PyNaCl is not installed, voice will NOT be supported
2025-03-04 05:05:31,472 - discord.client - INFO - logging in using static token
2025-03-04 05:05:31,832 - BotAutomation - INFO - Bot is setting up...
2025-03-04 05:05:32,278 - discord.gateway - INFO - Shard ID None has connected to Gateway (Session ID: 8131980266d712cee01cb9fe844b20b5).
2025-03-04 05:05:34,311 - BotAutomation - INFO - Logged in as 🟠 Saiyans Bot メ ☁#3714
2025-03-04 05:06:32,552 - BotAutomation.CommandExecutor - INFO - Executing command: /ping
2025-03-04 05:06:34,764 - BotAutomation.CommandExecutor - INFO - Command /ping executed successfully
2025-03-04 05:06:34,764 - BotAutomation.CommandExecutor - INFO - Executing command: /help
2025-03-04 05:06:37,942 - BotAutomation.CommandExecutor - INFO - Command /help executed successfully
2025-03-04 05:09:52,471 - discord.client - WARNING - PyNaCl is not installed, voice will NOT be supported
2025-03-04 05:09:52,472 - discord.client - INFO - logging in using static token
2025-03-04 05:09:52,774 - BotAutomation - INFO - Bot is setting up...
2025-03-04 05:09:52,989 - discord.gateway - INFO - Shard ID None has connected to Gateway (Session ID: db3b57ac8bbdc3eaa571649d7b07b4ba).
2025-03-04 05:09:55,012 - BotAutomation - INFO - Logged in as 🟠 Saiyans Bot メ ☁#3714
2025-03-04 05:10:15,156 - discord.client - WARNING - PyNaCl is not installed, voice will NOT be supported
2025-03-04 05:10:15,159 - discord.client - INFO - logging in using static token
2025-03-04 05:10:15,520 - BotAutomation - INFO - Bot is setting up...
2025-03-04 05:10:15,855 - discord.gateway - INFO - Shard ID None has connected to Gateway (Session ID: 64225a458724d847839783f8a5a9d46f).
2025-03-04 05:10:17,877 - BotAutomation - INFO - Logged in as 🟠 Saiyans Bot メ ☁#3714
2025-03-04 05:15:19,495 - discord.client - WARNING - PyNaCl is not installed, voice will NOT be supported
2025-03-04 05:15:19,496 - discord.client - INFO - logging in using static token
2025-03-04 05:15:19,870 - BotAutomation - INFO - Bot is setting up...
2025-03-04 05:15:20,320 - discord.gateway - INFO - Shard ID None has connected to Gateway (Session ID: 9ac67a63c5d7323062ffe831b67b4649).
2025-03-04 05:15:22,344 - BotAutomation - INFO - Logged in as 🟠 Saiyans Bot メ ☁#3714
2025-03-04 05:15:47,428 - discord.client - WARNING - PyNaCl is not installed, voice will NOT be supported
2025-03-04 05:15:47,429 - discord.client - INFO - logging in using static token
2025-03-04 05:15:47,738 - BotAutomation - INFO - Bot is setting up...
2025-03-04 05:15:59,632 - discord.client - WARNING - PyNaCl is not installed, voice will NOT be supported
2025-03-04 05:15:59,633 - discord.client - INFO - logging in using static token
2025-03-04 05:15:59,988 - BotAutomation - INFO - Bot is setting up...
2025-03-04 05:16:50,458 - discord.gateway - INFO - Shard ID None has connected to Gateway (Session ID: 60ed42eca200451f8f07cd81994bb934).
2025-03-04 05:16:52,479 - BotAutomation - INFO - Logged in as 🟠 Saiyans Bot メ ☁#3714
2025-03-04 05:17:04,470 - BotAutomation.CommandExecutor - INFO - Executing command: /remove-money with options: {'target': '<@204958689818443776>', 'amount': '50000'}
2025-03-04 05:17:06,648 - BotAutomation.CommandExecutor - INFO - Command /remove-money executed successfully
2025-03-04 05:20:05,696 - discord.client - WARNING - PyNaCl is not installed, voice will NOT be supported
2025-03-04 05:20:05,697 - discord.client - INFO - logging in using static token
2025-03-04 05:20:06,021 - BotAutomation - INFO - Bot is setting up...
2025-03-04 05:20:06,432 - discord.gateway - INFO - Shard ID None has connected to Gateway (Session ID: 963b51feb4b4d4dcdcb160827b0f77d6).
2025-03-04 05:20:08,454 - BotAutomation - INFO - Logged in as 🟠 Saiyans Bot メ ☁#3714
2025-03-04 05:22:03,545 - BotAutomation.CommandExecutor - INFO - Executing command: /remove-money with options: {'target': '<@694953371769241610>', 'amount': '50000'}
2025-03-04 05:22:05,717 - BotAutomation.CommandExecutor - INFO - Command /remove-money executed successfully
2025-03-04 05:24:10,454 - discord.client - WARNING - PyNaCl is not installed, voice will NOT be supported
2025-03-04 05:24:10,455 - discord.client - INFO - logging in using static token
2025-03-04 05:24:12,263 - discord.client - WARNING - PyNaCl is not installed, voice will NOT be supported
2025-03-04 05:24:12,265 - discord.client - INFO - logging in using static token
2025-03-04 05:24:12,624 - BotAutomation - INFO - Bot is setting up...
2025-03-04 05:24:13,067 - discord.gateway - INFO - Shard ID None has connected to Gateway (Session ID: 229fc24c4e59fffe3908e5c4c9e68ea5).
2025-03-04 05:24:15,085 - BotAutomation - INFO - Logged in as 🟠 Saiyans Bot メ ☁#3714
2025-03-04 05:30:54,504 - discord.client - WARNING - PyNaCl is not installed, voice will NOT be supported
2025-03-04 05:30:54,505 - discord.client - INFO - logging in using static token
2025-03-04 05:30:54,968 - BotAutomation - INFO - Bot is setting up...
2025-03-04 05:30:55,365 - discord.gateway - INFO - Shard ID None has connected to Gateway (Session ID: 308708cdcb1d6297e88d5e8d5be97441).
2025-03-04 05:30:57,398 - BotAutomation - INFO - Logged in as 🟠 Saiyans Bot メ ☁#3714
2025-03-04 05:31:24,635 - discord.client - WARNING - PyNaCl is not installed, voice will NOT be supported
2025-03-04 05:31:24,636 - discord.client - INFO - logging in using static token
2025-03-04 05:31:24,986 - BotAutomation - INFO - Bot is setting up...
2025-03-04 05:31:25,509 - discord.gateway - INFO - Shard ID None has connected to Gateway (Session ID: 776d873f179de40340765cbd9e3defd0).
2025-03-04 05:31:27,530 - BotAutomation - INFO - Logged in as 🟠 Saiyans Bot メ ☁#3714
2025-03-04 05:31:34,030 - discord.client - WARNING - PyNaCl is not installed, voice will NOT be supported
2025-03-04 05:31:34,032 - discord.client - INFO - logging in using static token
2025-03-04 05:31:34,368 - BotAutomation - INFO - Bot is setting up...
2025-03-04 05:32:25,533 - discord.gateway - INFO - Shard ID None has connected to Gateway (Session ID: 6726fe392f61d95bfb9dfce7d7ca6498).
2025-03-04 05:32:27,556 - BotAutomation - INFO - Logged in as 🟠 Saiyans Bot メ ☁#3714
2025-03-04 05:32:46,137 - BotAutomation - ERROR - Error in gunpoint command: 404 Not Found (error code: 10062): Unknown interaction
2025-03-04 05:32:46,247 - BotAutomation.CommandExecutor - INFO - Executing command: /remove-money with options: {'target': '<@694953371769241610>', 'amount': '50000'}
2025-03-04 05:32:46,247 - BotAutomation.CommandExecutor - INFO - Sending formatted command to channel: /remove-money <@694953371769241610> 50000
2025-03-04 05:32:48,453 - BotAutomation.CommandExecutor - INFO - Command /remove-money executed successfully
2025-03-04 05:32:54,114 - discord.client - WARNING - PyNaCl is not installed, voice will NOT be supported
2025-03-04 05:32:54,115 - discord.client - INFO - logging in using static token
2025-03-04 05:32:54,468 - BotAutomation - INFO - Bot is setting up...
2025-03-04 05:32:55,049 - discord.gateway - INFO - Shard ID None has connected to Gateway (Session ID: 8a02abdb3a7d5292091807c3eba650c0).
2025-03-04 05:32:57,073 - BotAutomation - INFO - Logged in as 🟠 Saiyans Bot メ ☁#3714
2025-03-04 05:33:21,129 - discord.client - WARNING - PyNaCl is not installed, voice will NOT be supported
2025-03-04 05:33:21,130 - discord.client - INFO - logging in using static token
2025-03-04 05:33:21,450 - BotAutomation - INFO - Bot is setting up...
2025-03-04 05:33:30,219 - discord.client - WARNING - PyNaCl is not installed, voice will NOT be supported
2025-03-04 05:33:30,220 - discord.client - INFO - logging in using static token
2025-03-04 05:33:30,743 - BotAutomation - INFO - Bot is setting up...
2025-03-04 05:34:24,966 - discord.gateway - INFO - Shard ID None has connected to Gateway (Session ID: 5f0bb66a65e0449730aa4e8207d79b99).
2025-03-04 05:34:26,990 - BotAutomation - INFO - Logged in as 🟠 Saiyans Bot メ ☁#3714
2025-03-04 05:34:46,105 - discord.client - WARNING - PyNaCl is not installed, voice will NOT be supported
2025-03-04 05:34:46,106 - discord.client - INFO - logging in using static token
2025-03-04 05:34:46,587 - BotAutomation - INFO - Bot is setting up...
2025-03-04 05:34:47,017 - discord.gateway - INFO - Shard ID None has connected to Gateway (Session ID: 31fdc8c45484eed532b9e9c3bf58f489).
2025-03-04 05:34:49,040 - BotAutomation - INFO - Logged in as 🟠 Saiyans Bot メ ☁#3714
2025-03-04 05:34:57,211 - discord.client - WARNING - PyNaCl is not installed, voice will NOT be supported
2025-03-04 05:34:57,213 - discord.client - INFO - logging in using static token
2025-03-04 05:34:57,540 - BotAutomation - INFO - Bot is setting up...
2025-03-04 05:35:47,466 - discord.gateway - INFO - Shard ID None has connected to Gateway (Session ID: dd13e0a7e2594bf9d81f8bfdda2ad395).
2025-03-04 05:35:49,491 - BotAutomation - INFO - Logged in as 🟠 Saiyans Bot メ ☁#3714
2025-03-04 05:35:59,530 - BotAutomation - ERROR - Error in gunpoint command: 404 Not Found (error code: 10062): Unknown interaction
2025-03-04 05:35:59,593 - BotAutomation.CommandExecutor - INFO - Executing command: /remove-money with options: {'target': '<@694953371769241610>', 'amount': '50000'}
2025-03-04 05:35:59,593 - BotAutomation.CommandExecutor - INFO - Sending formatted command to channel: /remove-money <@694953371769241610> 50000
2025-03-04 05:36:01,762 - BotAutomation.CommandExecutor - INFO - Command /remove-money executed successfully
2025-03-04 05:38:46,135 - discord.client - WARNING - PyNaCl is not installed, voice will NOT be supported
2025-03-04 05:38:46,136 - discord.client - INFO - logging in using static token
2025-03-04 05:38:46,586 - BotAutomation - INFO - Bot is setting up...
2025-03-04 05:38:47,183 - discord.gateway - INFO - Shard ID None has connected to Gateway (Session ID: 3826b86284000d8acb5bda04ad511ad8).
2025-03-04 05:38:49,213 - BotAutomation - INFO - Logged in as 🟠 Saiyans Bot メ ☁#3714
2025-03-04 05:39:12,556 - discord.client - WARNING - PyNaCl is not installed, voice will NOT be supported
2025-03-04 05:39:12,557 - discord.client - INFO - logging in using static token
2025-03-04 05:39:12,880 - BotAutomation - INFO - Bot is setting up...
2025-03-04 05:39:34,819 - discord.client - WARNING - PyNaCl is not installed, voice will NOT be supported
2025-03-04 05:39:34,820 - discord.client - INFO - logging in using static token
2025-03-04 05:39:35,113 - BotAutomation - INFO - Bot is setting up...
2025-03-04 05:40:17,297 - discord.gateway - INFO - Shard ID None has connected to Gateway (Session ID: 291d502d947ff82b3454c957e0dc373a).
2025-03-04 05:40:19,321 - BotAutomation - INFO - Logged in as 🟠 Saiyans Bot メ ☁#3714
2025-03-04 05:41:02,755 - discord.client - WARNING - PyNaCl is not installed, voice will NOT be supported
2025-03-04 05:41:02,756 - discord.client - INFO - logging in using static token
2025-03-04 05:41:03,091 - BotAutomation - INFO - Bot is setting up...
2025-03-04 05:41:03,626 - discord.gateway - INFO - Shard ID None has connected to Gateway (Session ID: dcdfae7185bc717e5d743aec3a669520).
2025-03-04 05:41:05,639 - BotAutomation - INFO - Logged in as 🟠 Saiyans Bot メ ☁#3714
2025-03-04 05:41:43,590 - discord.client - WARNING - PyNaCl is not installed, voice will NOT be supported
2025-03-04 05:41:43,590 - discord.client - INFO - logging in using static token
2025-03-04 05:41:43,950 - BotAutomation - INFO - Bot is setting up...
2025-03-04 05:41:44,383 - discord.gateway - INFO - Shard ID None has connected to Gateway (Session ID: a3d2c7da9e00538573cb28719ec1c5a0).
2025-03-04 05:41:46,405 - BotAutomation - INFO - Logged in as 🟠 Saiyans Bot メ ☁#3714
2025-03-04 05:41:55,174 - discord.client - WARNING - PyNaCl is not installed, voice will NOT be supported
2025-03-04 05:41:55,175 - discord.client - INFO - logging in using static token
2025-03-04 05:41:55,505 - BotAutomation - INFO - Bot is setting up...
2025-03-04 05:43:19,486 - discord.client - WARNING - PyNaCl is not installed, voice will NOT be supported
2025-03-04 05:43:19,487 - discord.client - INFO - logging in using static token
2025-03-04 05:43:19,793 - BotAutomation - INFO - Bot is setting up...
2025-03-04 05:43:20,463 - discord.gateway - INFO - Shard ID None has connected to Gateway (Session ID: a4b9ad58e027e8df88d0deef31498a12).
2025-03-04 05:43:22,487 - BotAutomation - INFO - Logged in as 🟠 Saiyans Bot メ ☁#3714
2025-03-04 05:43:30,620 - discord.client - WARNING - PyNaCl is not installed, voice will NOT be supported
2025-03-04 05:43:30,621 - discord.client - INFO - logging in using static token
2025-03-04 05:43:30,943 - BotAutomation - INFO - Bot is setting up...
2025-03-04 05:44:20,280 - discord.gateway - INFO - Shard ID None has connected to Gateway (Session ID: c0399fb6fe888ea7cdec14452018d12c).
2025-03-04 05:44:22,302 - BotAutomation - INFO - Logged in as 🟠 Saiyans Bot メ ☁#3714
2025-03-04 05:44:52,300 - BotAutomation.CommandExecutor - INFO - Executing command: remove-money with options: {'target': '<@694953371769241610>', 'amount': '50000'}
2025-03-04 05:44:52,300 - BotAutomation.CommandExecutor - INFO - Sending formatted command to channel: !remove-money <@694953371769241610> 50000
2025-03-04 05:44:54,769 - BotAutomation.CommandExecutor - INFO - Command remove-money executed successfully
2025-03-04 05:47:50,207 - BotAutomation.CommandExecutor - INFO - Executing command: remove-money with options: {'target': '<@694953371769241610>', 'amount': '50000'}
2025-03-04 05:47:50,207 - BotAutomation.CommandExecutor - INFO - Sending formatted command to channel: !remove-money <@694953371769241610> 50000
2025-03-04 05:47:52,365 - BotAutomation.CommandExecutor - INFO - Command remove-money executed successfully
2025-03-04 05:49:15,763 - discord.client - WARNING - PyNaCl is not installed, voice will NOT be supported
2025-03-04 05:49:15,764 - discord.client - INFO - logging in using static token
2025-03-04 05:49:16,106 - BotAutomation - INFO - Bot is setting up...
2025-03-04 05:49:16,531 - discord.gateway - INFO - Shard ID None has connected to Gateway (Session ID: 2e7b59538b99a995486420b2c38b0a1e).
2025-03-04 05:49:18,550 - BotAutomation - INFO - Logged in as 🟠 Saiyans Bot メ ☁#3714
2025-03-04 05:49:18,550 - BotAutomation - INFO - Checking for target bot in guilds...
2025-03-04 05:49:18,551 - BotAutomation - INFO - Found target bot UnbelievaBoat in guild New World
2025-03-04 05:49:37,651 - discord.client - WARNING - PyNaCl is not installed, voice will NOT be supported
2025-03-04 05:49:37,652 - discord.client - INFO - logging in using static token
2025-03-04 05:49:37,977 - BotAutomation - INFO - Bot is setting up...
2025-03-04 05:50:16,632 - discord.gateway - INFO - Shard ID None has connected to Gateway (Session ID: 6d698fd0151abe87119d885c154dd085).
2025-03-04 05:50:18,650 - BotAutomation - INFO - Logged in as 🟠 Saiyans Bot メ ☁#3714
2025-03-04 05:50:18,650 - BotAutomation - INFO - Checking for target bot in guilds...
2025-03-04 05:50:18,651 - BotAutomation - INFO - Found target bot UnbelievaBoat in guild New World
2025-03-04 05:51:13,678 - discord.client - WARNING - PyNaCl is not installed, voice will NOT be supported
2025-03-04 05:51:13,679 - discord.client - INFO - logging in using static token
2025-03-04 05:51:14,159 - BotAutomation - INFO - Bot is setting up...
2025-03-04 05:51:14,738 - discord.gateway - INFO - Shard ID None has connected to Gateway (Session ID: b5ffa9fade2e3257c92b371db9410ee6).
2025-03-04 05:51:16,754 - BotAutomation - INFO - Logged in as 🟠 Saiyans Bot メ ☁#3714
2025-03-04 05:51:16,754 - BotAutomation - INFO - Checking for target bot in guilds...
2025-03-04 05:51:16,755 - BotAutomation - INFO - Found target bot UnbelievaBoat in guild New World
2025-03-04 05:51:23,041 - discord.client - WARNING - PyNaCl is not installed, voice will NOT be supported
2025-03-04 05:51:23,043 - discord.client - INFO - logging in using static token
2025-03-04 05:51:23,381 - BotAutomation - INFO - Bot is setting up...
2025-03-04 05:51:54,637 - discord.client - WARNING - PyNaCl is not installed, voice will NOT be supported
2025-03-04 05:51:54,639 - discord.client - INFO - logging in using static token
2025-03-04 05:51:55,155 - BotAutomation - INFO - Bot is setting up...
2025-03-04 05:52:44,818 - discord.gateway - INFO - Shard ID None has connected to Gateway (Session ID: ed54a54c87570799a13ff2ecd05c5fbe).
2025-03-04 05:52:46,840 - BotAutomation - INFO - Logged in as 🟠 Saiyans Bot メ ☁#3714
2025-03-04 05:52:46,840 - BotAutomation - INFO - Checking for target bot in guilds...
2025-03-04 05:52:46,840 - BotAutomation - INFO - Found target bot UnbelievaBoat in guild New World
2025-03-04 05:52:56,777 - BotAutomation - INFO - Attempting to execute remove-money command for target: <@694953371769241610>
2025-03-04 05:52:56,778 - BotAutomation.CommandExecutor - INFO - Starting command execution in channel: High Roller Table (1344831585387675689)
2025-03-04 05:52:56,778 - BotAutomation.CommandExecutor - INFO - Preparing to send command: !remove-money <@694953371769241610> 50000
2025-03-04 05:52:56,778 - BotAutomation.CommandExecutor - INFO - Channel permissions: <Permissions value=1829587348619263>
2025-03-04 05:52:59,123 - BotAutomation.CommandExecutor - INFO - Successfully sent message with ID: 1346359751524618254
2025-03-04 05:52:59,123 - BotAutomation.CommandExecutor - INFO - Message content sent: !remove-money <@694953371769241610> 50000
2025-03-04 05:55:19,641 - BotAutomation - INFO - Attempting to execute remove-money command for target: <@694953371769241610>
2025-03-04 05:55:19,641 - BotAutomation.CommandExecutor - INFO - Starting command execution in channel: Mechanic work (1346360300097503243)
2025-03-04 05:55:19,641 - BotAutomation.CommandExecutor - INFO - Preparing to send command: !remove-money <@694953371769241610> 50000
2025-03-04 05:55:19,641 - BotAutomation.CommandExecutor - INFO - Channel permissions: <Permissions value=1829587348619263>
2025-03-04 05:55:21,866 - BotAutomation.CommandExecutor - INFO - Successfully sent message with ID: 1346360350425092158
2025-03-04 05:55:21,866 - BotAutomation.CommandExecutor - INFO - Message content sent: !remove-money <@694953371769241610> 50000
2025-03-04 06:02:01,219 - discord.client - WARNING - PyNaCl is not installed, voice will NOT be supported
2025-03-04 06:02:01,220 - discord.client - INFO - logging in using static token
2025-03-04 06:02:01,563 - BotAutomation - INFO - Bot is setting up...
2025-03-04 06:02:02,186 - discord.gateway - INFO - Shard ID None has connected to Gateway (Session ID: 391d2fcda5ae7f5ed1567c3ebbd9e106).
2025-03-04 06:02:04,212 - BotAutomation - INFO - Logged in as 🟠 Saiyans Bot メ ☁#3714
2025-03-04 06:02:04,212 - BotAutomation - INFO - Checking for target bot in guilds...
2025-03-04 06:02:04,213 - BotAutomation - INFO - Found target bot UnbelievaBoat in guild New World
2025-03-04 06:02:09,981 - discord.client - WARNING - PyNaCl is not installed, voice will NOT be supported
2025-03-04 06:02:09,982 - discord.client - INFO - logging in using static token
2025-03-04 06:02:10,361 - BotAutomation - INFO - Bot is setting up...
2025-03-04 06:03:02,182 - discord.gateway - INFO - Shard ID None has connected to Gateway (Session ID: 6658a182582ca629c053acdb07a3bdea).
2025-03-04 06:03:04,198 - BotAutomation - INFO - Logged in as 🟠 Saiyans Bot メ ☁#3714
2025-03-04 06:03:04,198 - BotAutomation - INFO - Checking for target bot in guilds...
2025-03-04 06:03:04,198 - BotAutomation - INFO - Found target bot UnbelievaBoat in guild New World
2025-03-04 06:06:33,480 - discord.client - WARNING - PyNaCl is not installed, voice will NOT be supported
2025-03-04 06:06:33,481 - discord.client - INFO - logging in using static token
2025-03-04 06:06:33,798 - BotAutomation - INFO - Bot is setting up...
2025-03-04 06:06:34,307 - discord.gateway - INFO - Shard ID None has connected to Gateway (Session ID: ae1147a7c202db5fa2d418819a12836c).
2025-03-04 06:06:36,351 - BotAutomation - INFO - Logged in as 🟠 Saiyans Bot メ ☁#3714
2025-03-04 06:06:36,352 - BotAutomation - INFO - Checking for target bot in guilds...
2025-03-04 06:06:36,352 - BotAutomation - INFO - Found target bot UnbelievaBoat in guild New World
2025-03-04 06:06:52,607 - BotAutomation - INFO - Attempting to execute remove-money command for target: <@694953371769241610>
2025-03-04 06:06:52,607 - BotAutomation.CommandExecutor - INFO - Starting command execution in channel: Mechanic work (1346360300097503243)
2025-03-04 06:06:52,607 - BotAutomation.CommandExecutor - INFO - Preparing to send command: <@292953664492929025> remove-money <@694953371769241610> 50000
2025-03-04 06:06:52,607 - BotAutomation.CommandExecutor - INFO - Channel permissions: <Permissions value=1829587348619263>
2025-03-04 06:06:54,917 - BotAutomation.CommandExecutor - INFO - Successfully sent message with ID: 1346363257405046796
2025-03-04 06:06:54,917 - BotAutomation.CommandExecutor - INFO - Message content sent: <@292953664492929025> remove-money <@694953371769241610> 50000
2025-03-04 06:07:06,987 - discord.client - WARNING - PyNaCl is not installed, voice will NOT be supported
2025-03-04 06:07:06,988 - discord.client - INFO - logging in using static token
2025-03-04 06:07:07,330 - BotAutomation - INFO - Bot is setting up...
2025-03-04 06:07:07,715 - discord.gateway - INFO - Shard ID None has connected to Gateway (Session ID: 0ecd2f28655ccaec362a563040ee9663).
2025-03-04 06:07:09,734 - BotAutomation - INFO - Logged in as 🟠 Saiyans Bot メ ☁#3714
2025-03-04 06:07:09,735 - BotAutomation - INFO - Checking for target bot in guilds...
2025-03-04 06:07:09,735 - BotAutomation - INFO - Found target bot UnbelievaBoat in guild New World
2025-03-04 06:07:52,014 - BotAutomation - INFO - Attempting to execute remove-money command for target: <@694953371769241610>
2025-03-04 06:07:52,014 - BotAutomation.CommandExecutor - INFO - Starting command execution in channel: Mechanic work (1346360300097503243)
2025-03-04 06:07:52,015 - BotAutomation.CommandExecutor - INFO - Target bot found: UnbelievaBoat (292953664492929025)
2025-03-04 06:07:52,015 - BotAutomation.CommandExecutor - INFO - Preparing to send command: <@292953664492929025> remove-money <@694953371769241610> 50000
2025-03-04 06:07:52,015 - BotAutomation.CommandExecutor - INFO - Channel permissions: <Permissions value=1829587348619263>
2025-03-04 06:07:54,252 - BotAutomation.CommandExecutor - INFO - Successfully sent message with ID: 1346363506106171454
2025-03-04 06:07:54,252 - BotAutomation.CommandExecutor - INFO - Message content sent: <@292953664492929025> remove-money <@694953371769241610> 50000
2025-03-04 06:09:57,550 - discord.client - WARNING - PyNaCl is not installed, voice will NOT be supported
2025-03-04 06:09:57,551 - discord.client - INFO - logging in using static token
2025-03-04 06:09:57,919 - BotAutomation - INFO - Bot is setting up...
2025-03-04 06:09:58,371 - discord.gateway - INFO - Shard ID None has connected to Gateway (Session ID: ae8030e8b88e285d8e1de04b2eaacdb5).
2025-03-04 06:10:00,395 - BotAutomation - INFO - Logged in as 🟠 Saiyans Bot メ ☁#3714
2025-03-04 06:10:00,395 - BotAutomation - INFO - Checking for target bot in guilds...
2025-03-04 06:10:00,396 - BotAutomation - INFO - Found target bot UnbelievaBoat in guild New World
2025-03-04 06:10:41,401 - discord.client - WARNING - PyNaCl is not installed, voice will NOT be supported
2025-03-04 06:10:41,402 - discord.client - INFO - logging in using static token
2025-03-04 06:10:41,706 - BotAutomation - INFO - Bot is setting up...
2025-03-04 06:10:42,153 - discord.gateway - INFO - Shard ID None has connected to Gateway (Session ID: e765133591c904e2e48dab4597e7b432).
2025-03-04 06:10:44,179 - BotAutomation - INFO - Logged in as 🟠 Saiyans Bot メ ☁#3714
2025-03-04 06:10:44,179 - BotAutomation - INFO - Checking for target bot in guilds...
2025-03-04 06:10:44,179 - BotAutomation - INFO - Found target bot UnbelievaBoat in guild New World
2025-03-04 06:21:50,034 - discord.client - WARNING - PyNaCl is not installed, voice will NOT be supported
2025-03-04 06:21:50,043 - discord.client - INFO - logging in using static token
2025-03-04 06:21:50,369 - BotAutomation - INFO - Bot is setting up...
2025-03-04 06:21:50,925 - discord.gateway - INFO - Shard ID None has connected to Gateway (Session ID: 5c282129208380df20164feb73bfcfbc).
2025-03-04 06:21:52,948 - BotAutomation - INFO - Logged in as 🟠 Saiyans Bot メ ☁#3714
2025-03-04 06:21:52,948 - BotAutomation - INFO - Checking for target bot in guilds...
2025-03-04 06:21:52,949 - BotAutomation - INFO - Found target bot UnbelievaBoat in guild New World
2025-03-04 06:23:07,593 - discord.client - WARNING - PyNaCl is not installed, voice will NOT be supported
2025-03-04 06:23:07,594 - discord.client - INFO - logging in using static token
2025-03-04 06:23:07,931 - BotAutomation - INFO - Bot is setting up...
2025-03-04 06:23:08,439 - discord.gateway - INFO - Shard ID None has connected to Gateway (Session ID: aa58c603fbe0a8485d607bb33d97030e).
2025-03-04 06:23:10,459 - BotAutomation - INFO - Logged in as 🟠 Saiyans Bot メ ☁#3714
2025-03-04 06:23:16,483 - discord.client - WARNING - PyNaCl is not installed, voice will NOT be supported
2025-03-04 06:23:16,484 - discord.client - INFO - logging in using static token
2025-03-04 06:23:16,945 - BotAutomation - INFO - Bot is setting up...
2025-03-04 06:23:53,138 - discord.client - WARNING - PyNaCl is not installed, voice will NOT be supported
2025-03-04 06:23:53,139 - discord.client - INFO - logging in using static token
2025-03-04 06:23:53,511 - BotAutomation - INFO - Bot is setting up...
2025-03-04 06:24:38,752 - discord.gateway - INFO - Shard ID None has connected to Gateway (Session ID: 52c01f0e497db60cc57ec557d7c14307).
2025-03-04 06:24:40,778 - BotAutomation - INFO - Logged in as 🟠 Saiyans Bot メ ☁#3714
2025-03-04 06:25:18,254 - BotAutomation - INFO - Attempting to remove 50000 from user 694953371769241610 in guild 1179875647007506502
2025-03-04 06:25:18,254 - BotAutomation.APIClient - INFO - Making API request to endpoint: https://unbelievaboat.com/api/v1/guilds/1179875647007506502/users/694953371769241610
2025-03-04 06:25:18,255 - BotAutomation.APIClient - INFO - Attempting to remove 50000 from user 694953371769241610 in guild 1179875647007506502
2025-03-04 06:25:18,736 - BotAutomation.APIClient - ERROR - Forbidden. Bot lacks necessary permissions
2025-03-04 06:27:15,070 - BotAutomation - INFO - Attempting to remove 50000 from user 694953371769241610 in guild 1179875647007506502
2025-03-04 06:27:15,071 - BotAutomation.APIClient - INFO - Making API request to endpoint: https://unbelievaboat.com/api/v1/guilds/1179875647007506502/users/694953371769241610
2025-03-04 06:27:15,071 - BotAutomation.APIClient - INFO - Attempting to remove 50000 from user 694953371769241610 in guild 1179875647007506502
2025-03-04 06:27:15,558 - BotAutomation.APIClient - ERROR - Forbidden. Bot lacks necessary permissions
2025-03-04 06:28:22,434 - discord.client - WARNING - PyNaCl is not installed, voice will NOT be supported
2025-03-04 06:28:22,436 - discord.client - INFO - logging in using static token
2025-03-04 06:28:22,884 - BotAutomation - INFO - Bot is setting up...
2025-03-04 06:28:23,320 - discord.gateway - INFO - Shard ID None has connected to Gateway (Session ID: 6e6b6f10b089577b2ca0d366cbf22102).
2025-03-04 06:28:25,345 - BotAutomation - INFO - Logged in as 🟠 Saiyans Bot メ ☁#3714
2025-03-04 06:28:54,795 - BotAutomation - INFO - Attempting to remove 50000 from user 694953371769241610 in guild 1179875647007506502
2025-03-04 06:28:54,795 - BotAutomation.APIClient - INFO - Making API request to endpoint: https://unbelievaboat.com/api/v1/guilds/1179875647007506502/users/694953371769241610
2025-03-04 06:28:54,795 - BotAutomation.APIClient - INFO - Attempting to remove 50000 from user 694953371769241610 in guild 1179875647007506502
2025-03-04 06:28:55,288 - BotAutomation.APIClient - ERROR - Forbidden. Bot lacks necessary permissions
2025-03-04 06:30:54,877 - discord.ext.commands.bot - ERROR - Ignoring exception in command None
discord.ext.commands.errors.CommandNotFound: Command "bot-commander" is not found
2025-03-04 06:31:13,928 - discord.ext.commands.bot - ERROR - Ignoring exception in command None
discord.ext.commands.errors.CommandNotFound: Command "bot-commander" is not found
2025-03-04 06:31:28,767 - discord.ext.commands.bot - ERROR - Ignoring exception in command None
discord.ext.commands.errors.CommandNotFound: Command "bot-commander" is not found
2025-03-04 06:31:39,016 - discord.ext.commands.bot - ERROR - Ignoring exception in command None
discord.ext.commands.errors.CommandNotFound: Command "bot-commander" is not found
2025-03-04 06:31:50,473 - discord.ext.commands.bot - ERROR - Ignoring exception in command None
discord.ext.commands.errors.CommandNotFound: Command "bot-commander" is not found
2025-03-04 06:32:10,655 - discord.ext.commands.bot - ERROR - Ignoring exception in command None
discord.ext.commands.errors.CommandNotFound: Command "bot-commander" is not found
2025-03-04 06:32:43,149 - discord.ext.commands.bot - ERROR - Ignoring exception in command None
discord.ext.commands.errors.CommandNotFound: Command "bot-commander" is not found
2025-03-04 06:34:01,113 - discord.ext.commands.bot - ERROR - Ignoring exception in command None
discord.ext.commands.errors.CommandNotFound: Command "bot-commander" is not found
2025-03-04 06:34:29,404 - BotAutomation - INFO - Attempting to remove 50000 from user 694953371769241610 in guild 1179875647007506502
2025-03-04 06:34:29,404 - BotAutomation.APIClient - INFO - Making API request to endpoint: https://unbelievaboat.com/api/v1/guilds/1179875647007506502/users/694953371769241610
2025-03-04 06:34:29,405 - BotAutomation.APIClient - INFO - Attempting to remove 50000 from user 694953371769241610 in guild 1179875647007506502
2025-03-04 06:34:29,992 - BotAutomation.APIClient - ERROR - Forbidden. Bot lacks necessary permissions
2025-03-04 06:35:49,246 - BotAutomation - INFO - Attempting to remove 50000 from user 694953371769241610 in guild 1179875647007506502
2025-03-04 06:35:49,246 - BotAutomation.APIClient - INFO - Making API request to endpoint: https://unbelievaboat.com/api/v1/guilds/1179875647007506502/users/694953371769241610
2025-03-04 06:35:49,247 - BotAutomation.APIClient - INFO - Attempting to remove 50000 from user 694953371769241610 in guild 1179875647007506502
2025-03-04 06:35:49,715 - BotAutomation.APIClient - ERROR - Forbidden. Bot lacks necessary permissions
2025-03-04 06:36:27,217 - BotAutomation - INFO - Attempting to remove 50000 from user 694953371769241610 in guild 1179875647007506502
2025-03-04 06:36:27,217 - BotAutomation.APIClient - INFO - Making API request to endpoint: https://unbelievaboat.com/api/v1/guilds/1179875647007506502/users/694953371769241610
2025-03-04 06:36:27,217 - BotAutomation.APIClient - INFO - Attempting to remove 50000 from user 694953371769241610 in guild 1179875647007506502
2025-03-04 06:36:27,724 - BotAutomation.APIClient - ERROR - Forbidden. Bot lacks necessary permissions
2025-03-04 06:38:33,987 - BotAutomation - INFO - Attempting to remove 50000 from user 694953371769241610 in guild 1179875647007506502
2025-03-04 06:38:33,987 - BotAutomation.APIClient - INFO - Making API request to endpoint: https://unbelievaboat.com/api/v1/guilds/1179875647007506502/users/694953371769241610
2025-03-04 06:38:33,987 - BotAutomation.APIClient - INFO - Attempting to remove 50000 from user 694953371769241610 in guild 1179875647007506502
2025-03-04 06:38:34,512 - BotAutomation.APIClient - INFO - Successfully removed 50000 from user 694953371769241610
2025-03-04 06:38:34,512 - BotAutomation.APIClient - INFO - New balance: 1068187
2025-03-04 06:39:44,939 - BotAutomation - INFO - Attempting to remove 50000 from user 694953371769241610 in guild 1179875647007506502
2025-03-04 06:39:44,940 - BotAutomation.APIClient - INFO - Making API request to endpoint: https://unbelievaboat.com/api/v1/guilds/1179875647007506502/users/694953371769241610
2025-03-04 06:39:44,940 - BotAutomation.APIClient - INFO - Attempting to remove 50000 from user 694953371769241610 in guild 1179875647007506502
2025-03-04 06:39:45,452 - BotAutomation.APIClient - INFO - Successfully removed 50000 from user 694953371769241610
2025-03-04 06:39:45,452 - BotAutomation.APIClient - INFO - New balance: 1018187
2025-03-04 06:40:18,040 - BotAutomation - INFO - Attempting to remove 50000 from user 694953371769241610 in guild 1179875647007506502
2025-03-04 06:40:18,040 - BotAutomation.APIClient - INFO - Making API request to endpoint: https://unbelievaboat.com/api/v1/guilds/1179875647007506502/users/694953371769241610
2025-03-04 06:40:18,040 - BotAutomation.APIClient - INFO - Attempting to remove 50000 from user 694953371769241610 in guild 1179875647007506502
2025-03-04 06:40:18,545 - BotAutomation.APIClient - INFO - Successfully removed 50000 from user 694953371769241610
2025-03-04 06:40:18,546 - BotAutomation.APIClient - INFO - New balance: 968187
2025-03-04 06:41:56,774 - discord.client - WARNING - PyNaCl is not installed, voice will NOT be supported
2025-03-04 06:41:56,775 - discord.client - INFO - logging in using static token
2025-03-04 06:41:57,130 - BotAutomation - INFO - Bot is setting up...
2025-03-04 06:41:57,618 - discord.gateway - INFO - Shard ID None has connected to Gateway (Session ID: 03cb3e6b02ede7abe538ecf17cc7d315).
2025-03-04 06:41:59,642 - BotAutomation - INFO - Logged in as 🟠 Saiyans Bot メ ☁#3714
2025-03-04 06:47:34,769 - discord.client - WARNING - PyNaCl is not installed, voice will NOT be supported
2025-03-04 06:47:34,771 - discord.client - INFO - logging in using static token
2025-03-04 06:47:35,171 - BotAutomation - INFO - Bot is setting up...
2025-03-04 06:47:35,784 - discord.gateway - INFO - Shard ID None has connected to Gateway (Session ID: 5eb568a45117ac01faedd92fd5988724).
2025-03-04 06:47:37,813 - BotAutomation - INFO - Logged in as 🟠 Saiyans Bot メ ☁#3714
2025-03-04 06:50:47,437 - discord.client - WARNING - PyNaCl is not installed, voice will NOT be supported
2025-03-04 06:50:47,438 - discord.client - INFO - logging in using static token
2025-03-04 06:50:47,906 - BotAutomation - INFO - Bot is setting up...
2025-03-04 06:50:48,581 - discord.gateway - INFO - Shard ID None has connected to Gateway (Session ID: ec3dc02c37aa141d5537bec07c71e52a).
2025-03-04 06:50:50,603 - BotAutomation - INFO - Logged in as 🟠 Saiyans Bot メ ☁#3714
2025-03-04 06:52:08,641 - BotAutomation - INFO - Attempting to remove 38552 from user 694953371769241610 in guild 1179875647007506502
2025-03-04 06:52:08,641 - BotAutomation.APIClient - INFO - Making API request to endpoint: https://unbelievaboat.com/api/v1/guilds/1179875647007506502/users/694953371769241610
2025-03-04 06:52:08,641 - BotAutomation.APIClient - INFO - Attempting to remove 38552 from user 694953371769241610 in guild 1179875647007506502
2025-03-04 06:52:09,199 - BotAutomation.APIClient - INFO - Successfully removed 38552 from user 694953371769241610
2025-03-04 06:52:09,199 - BotAutomation.APIClient - INFO - New balance: 1100660
2025-03-04 06:52:09,200 - BotAutomation - INFO - Attempting to add 38552 to user 297605528849481728 in guild 1179875647007506502
2025-03-04 06:52:09,200 - BotAutomation.APIClient - INFO - Making API request to endpoint: https://unbelievaboat.com/api/v1/guilds/1179875647007506502/users/297605528849481728
2025-03-04 06:52:09,200 - BotAutomation.APIClient - INFO - Attempting to add 38552 to user 297605528849481728 in guild 1179875647007506502
2025-03-04 06:52:09,708 - BotAutomation.APIClient - INFO - Successfully added 38552 to user 297605528849481728
2025-03-04 06:52:09,708 - BotAutomation.APIClient - INFO - New balance: 3735514
2025-03-04 06:57:03,774 - discord.client - WARNING - PyNaCl is not installed, voice will NOT be supported
2025-03-04 06:57:03,776 - discord.client - INFO - logging in using static token
2025-03-04 06:57:04,090 - BotAutomation - INFO - Bot is setting up...
2025-03-04 06:57:04,625 - discord.gateway - INFO - Shard ID None has connected to Gateway (Session ID: d8f66fb2543de55e84dca2f80e74edfa).
2025-03-04 06:57:06,649 - BotAutomation - INFO - Logged in as 🟠 Saiyans Bot メ ☁#3714
2025-03-04 06:57:51,813 - BotAutomation - INFO - Attempting to remove 29984 from user 694953371769241610 in guild 1179875647007506502
2025-03-04 06:57:51,813 - BotAutomation.APIClient - INFO - Making API request to endpoint: https://unbelievaboat.com/api/v1/guilds/1179875647007506502/users/694953371769241610
2025-03-04 06:57:51,813 - BotAutomation.APIClient - INFO - Attempting to remove 29984 from user 694953371769241610 in guild 1179875647007506502
2025-03-04 06:57:52,362 - BotAutomation.APIClient - INFO - Successfully removed 29984 from user 694953371769241610
2025-03-04 06:57:52,362 - BotAutomation.APIClient - INFO - New balance: 1109244
2025-03-04 06:57:52,363 - BotAutomation - INFO - Attempting to add 29984 to user 297605528849481728 in guild 1179875647007506502
2025-03-04 06:57:52,363 - BotAutomation.APIClient - INFO - Making API request to endpoint: https://unbelievaboat.com/api/v1/guilds/1179875647007506502/users/297605528849481728
2025-03-04 06:57:52,363 - BotAutomation.APIClient - INFO - Attempting to add 29984 to user 297605528849481728 in guild 1179875647007506502
2025-03-04 06:57:52,869 - BotAutomation.APIClient - INFO - Successfully added 29984 to user 297605528849481728
2025-03-04 06:57:52,869 - BotAutomation.APIClient - INFO - New balance: 3765531
2025-03-04 06:59:51,591 - discord.client - WARNING - PyNaCl is not installed, voice will NOT be supported
2025-03-04 06:59:51,592 - discord.client - INFO - logging in using static token
2025-03-04 06:59:51,890 - BotAutomation - INFO - Bot is setting up...
2025-03-04 06:59:52,386 - discord.gateway - INFO - Shard ID None has connected to Gateway (Session ID: c2947472b68b8e9c447d6afb25c26996).
2025-03-04 06:59:54,410 - BotAutomation - INFO - Logged in as 🟠 Saiyans Bot メ ☁#3714
2025-03-04 07:00:24,497 - BotAutomation - INFO - Checking if Bertoメ has shotgun role
2025-03-04 07:00:24,497 - BotAutomation - INFO - Found shotgun role: Shotgun
2025-03-04 07:00:24,497 - BotAutomation - INFO - Target roles: ['@everyone', 'Shotgun', 'Gamba', 'High Roller', 'Pocket Watcher', 'Crusader', 'PVP-TOURNEY', 'Tank', 'Throne&Liberty', '🥷🏽Anbu メ']
2025-03-04 07:00:24,498 - BotAutomation - INFO - Bertoメ has shotgun role, preventing robbery
2025-03-04 07:01:34,330 - BotAutomation - INFO - Checking if Bertoメ has shotgun role
2025-03-04 07:01:34,330 - BotAutomation - INFO - Found shotgun role: Shotgun
2025-03-04 07:01:34,330 - BotAutomation - INFO - Target roles: ['@everyone', 'Woozie', 'Shotgun', 'Gamba', 'High Roller', 'Pocket Watcher', 'Crusader', 'PVP-TOURNEY', 'Tank', 'Throne&Liberty', '🥷🏽Anbu メ']
2025-03-04 07:01:34,330 - BotAutomation - INFO - Bertoメ has shotgun role, preventing robbery
2025-03-04 07:05:59,737 - discord.client - WARNING - PyNaCl is not installed, voice will NOT be supported
2025-03-04 07:05:59,738 - discord.client - INFO - logging in using static token
2025-03-04 07:06:00,040 - BotAutomation - INFO - Bot is setting up...
2025-03-04 07:06:00,725 - discord.gateway - INFO - Shard ID None has connected to Gateway (Session ID: ff40780a56f54c968c22845ec3b904ac).
2025-03-04 07:06:02,753 - BotAutomation - INFO - Logged in as 🟠 Saiyans Bot メ ☁#3714
2025-03-04 07:07:52,697 - discord.client - WARNING - PyNaCl is not installed, voice will NOT be supported
2025-03-04 07:07:52,698 - discord.client - INFO - logging in using static token
2025-03-04 07:07:53,018 - BotAutomation - INFO - Bot is setting up...
2025-03-04 07:07:53,589 - discord.gateway - INFO - Shard ID None has connected to Gateway (Session ID: 03e1a1435f02451c4b8eac096e450606).
2025-03-04 07:07:55,614 - BotAutomation - INFO - Logged in as 🟠 Saiyans Bot メ ☁#3714
2025-03-04 07:25:04,786 - discord.client - WARNING - PyNaCl is not installed, voice will NOT be supported
2025-03-04 07:25:04,791 - discord.client - INFO - logging in using static token
2025-03-04 07:25:05,162 - BotAutomation - INFO - Bot is setting up...
2025-03-04 07:25:05,589 - discord.gateway - INFO - Shard ID None has connected to Gateway (Session ID: c980a2cda370022e6b7601632460f1a3).
2025-03-04 07:25:07,615 - BotAutomation - INFO - Logged in as 🟠 Saiyans Bot メ ☁#3714
2025-03-04 07:25:30,473 - BotAutomation - INFO - Checking if Bertoメ has shotgun role
2025-03-04 07:25:30,473 - BotAutomation - INFO - Found shotgun role: Shotgun
2025-03-04 07:25:30,473 - BotAutomation - INFO - Target roles: ['@everyone', 'Woozie', 'Shotgun', 'Gamba', 'High Roller', 'Pocket Watcher', 'Crusader', 'PVP-TOURNEY', 'Tank', 'Throne&Liberty', '🥷🏽Anbu メ']
2025-03-04 07:25:30,473 - BotAutomation - INFO - Bertoメ has shotgun role, preventing robbery and penalizing robber 14311
2025-03-04 07:25:30,723 - BotAutomation.APIClient - INFO - Making API request to endpoint: https://unbelievaboat.com/api/v1/guilds/1179875647007506502/users/297605528849481728
2025-03-04 07:25:30,723 - BotAutomation.APIClient - INFO - Attempting to remove 14311 from user 297605528849481728 in guild 1179875647007506502
2025-03-04 07:25:31,250 - BotAutomation.APIClient - INFO - Successfully removed 14311 from user 297605528849481728
2025-03-04 07:25:31,250 - BotAutomation.APIClient - INFO - New balance: 3751317
2025-03-04 07:25:59,001 - BotAutomation - INFO - Checking if Bertoメ has shotgun role
2025-03-04 07:25:59,002 - BotAutomation - INFO - Found shotgun role: Shotgun
2025-03-04 07:25:59,002 - BotAutomation - INFO - Target roles: ['@everyone', 'Woozie', 'Gamba', 'High Roller', 'Pocket Watcher', 'Crusader', 'PVP-TOURNEY', 'Tank', 'Throne&Liberty', '🥷🏽Anbu メ']
2025-03-04 07:25:59,002 - BotAutomation - INFO - Gunfight scenario: both 𓉸 𝙨𝙮𝙭 and Bertoメ have Woozie role
2025-03-04 07:25:59,364 - BotAutomation.APIClient - INFO - Making API request to endpoint: https://unbelievaboat.com/api/v1/guilds/1179875647007506502/users/297605528849481728
2025-03-04 07:25:59,364 - BotAutomation.APIClient - INFO - Attempting to remove 13961 from user 297605528849481728 in guild 1179875647007506502
2025-03-04 07:25:59,894 - BotAutomation.APIClient - INFO - Successfully removed 13961 from user 297605528849481728
2025-03-04 07:25:59,895 - BotAutomation.APIClient - INFO - New balance: 3737369
2025-03-04 07:25:59,895 - BotAutomation.APIClient - INFO - Making API request to endpoint: https://unbelievaboat.com/api/v1/guilds/1179875647007506502/users/694953371769241610
2025-03-04 07:25:59,895 - BotAutomation.APIClient - INFO - Attempting to remove 14154 from user 694953371769241610 in guild 1179875647007506502
2025-03-04 07:26:00,389 - BotAutomation.APIClient - INFO - Successfully removed 14154 from user 694953371769241610
2025-03-04 07:26:00,389 - BotAutomation.APIClient - INFO - New balance: 1095158
2025-03-04 07:29:19,422 - discord.client - WARNING - PyNaCl is not installed, voice will NOT be supported
2025-03-04 07:29:19,424 - discord.client - INFO - logging in using static token
2025-03-04 07:29:19,724 - BotAutomation - INFO - Bot is setting up...
2025-03-04 07:29:20,242 - discord.gateway - INFO - Shard ID None has connected to Gateway (Session ID: 86ad26a23dfd8f865943accd1efaced3).
2025-03-04 07:29:22,263 - BotAutomation - INFO - Logged in as 🟠 Saiyans Bot メ ☁#3714
2025-03-04 07:30:19,181 - BotAutomation - INFO - Checking if Bertoメ has shotgun/woozie roles
2025-03-04 07:30:19,181 - BotAutomation - INFO - Found shotgun role: Shotgun
2025-03-04 07:30:19,181 - BotAutomation - INFO - Target roles: ['@everyone', 'Woozie', 'Gamba', 'High Roller', 'Pocket Watcher', 'Crusader', 'PVP-TOURNEY', 'Tank', 'Throne&Liberty', '🥷🏽Anbu メ']
2025-03-04 07:30:19,182 - BotAutomation - INFO - Gunfight scenario: both 𓉸 𝙨𝙮𝙭 and Bertoメ have Woozie role
2025-03-04 07:30:29,795 - BotAutomation.APIClient - INFO - Making API request to endpoint: https://unbelievaboat.com/api/v1/guilds/1179875647007506502/users/297605528849481728
2025-03-04 07:30:29,796 - BotAutomation.APIClient - INFO - Attempting to remove 12977 from user 297605528849481728 in guild 1179875647007506502
2025-03-04 07:30:30,334 - BotAutomation.APIClient - INFO - Successfully removed 12977 from user 297605528849481728
2025-03-04 07:30:30,335 - BotAutomation.APIClient - INFO - New balance: 3724392
2025-03-04 07:30:30,335 - BotAutomation.APIClient - INFO - Making API request to endpoint: https://unbelievaboat.com/api/v1/guilds/1179875647007506502/users/694953371769241610
2025-03-04 07:30:30,335 - BotAutomation.APIClient - INFO - Attempting to remove 14569 from user 694953371769241610 in guild 1179875647007506502
2025-03-04 07:30:30,958 - BotAutomation.APIClient - INFO - Successfully removed 14569 from user 694953371769241610
2025-03-04 07:30:30,958 - BotAutomation.APIClient - INFO - New balance: 1080589
2025-03-04 07:39:56,531 - discord.client - WARNING - PyNaCl is not installed, voice will NOT be supported
2025-03-04 07:39:56,532 - discord.client - INFO - logging in using static token
2025-03-04 07:39:57,185 - BotAutomation - INFO - Bot is setting up...
2025-03-04 07:39:57,685 - discord.gateway - INFO - Shard ID None has connected to Gateway (Session ID: d7e6bdbdfdd06182b0e14265419a5fc9).
2025-03-04 07:39:59,705 - BotAutomation - INFO - Logged in as 🟠 Saiyans Bot メ ☁#3714
2025-03-04 07:40:43,416 - BotAutomation - INFO - Checking if Bertoメ has shotgun/woozie roles
2025-03-04 07:40:43,416 - BotAutomation - INFO - Found shotgun role: Shotgun
2025-03-04 07:40:43,416 - BotAutomation - INFO - Target roles: ['@everyone', 'Woozie', 'Gamba', 'High Roller', 'Pocket Watcher', 'Crusader', 'PVP-TOURNEY', 'Tank', 'Throne&Liberty', '🥷🏽Anbu メ']
2025-03-04 07:40:43,416 - BotAutomation - INFO - Gunfight scenario: both 𓉸 𝙨𝙮𝙭 and Bertoメ have Woozie role
2025-03-04 07:40:54,313 - BotAutomation.APIClient - INFO - Making API request to endpoint: https://unbelievaboat.com/api/v1/guilds/1179875647007506502/users/297605528849481728
2025-03-04 07:40:54,313 - BotAutomation.APIClient - INFO - Attempting to remove 8723 from user 297605528849481728 in guild 1179875647007506502
2025-03-04 07:40:54,862 - BotAutomation.APIClient - INFO - Successfully removed 8723 from user 297605528849481728
2025-03-04 07:40:54,863 - BotAutomation.APIClient - INFO - New balance: 3715697
2025-03-04 07:40:54,863 - BotAutomation.APIClient - INFO - Making API request to endpoint: https://unbelievaboat.com/api/v1/guilds/1179875647007506502/users/694953371769241610
2025-03-04 07:40:54,863 - BotAutomation.APIClient - INFO - Attempting to remove 10130 from user 694953371769241610 in guild 1179875647007506502
2025-03-04 07:40:55,388 - BotAutomation.APIClient - INFO - Successfully removed 10130 from user 694953371769241610
2025-03-04 07:40:55,388 - BotAutomation.APIClient - INFO - New balance: 1091493
2025-03-04 07:44:11,145 - discord.client - WARNING - PyNaCl is not installed, voice will NOT be supported
2025-03-04 07:44:11,147 - discord.client - INFO - logging in using static token
2025-03-04 07:44:11,682 - BotAutomation - INFO - Bot is setting up...
2025-03-04 07:44:12,150 - discord.gateway - INFO - Shard ID None has connected to Gateway (Session ID: a4eea015541e7ec57980ad4586fa4d6b).
2025-03-04 07:44:14,188 - BotAutomation - INFO - Logged in as 🟠 Saiyans Bot メ ☁#3714
2025-03-04 07:44:33,575 - BotAutomation - INFO - Plock command: Checking if Bertoメ has shotgun/woozie/uzi/plock roles
2025-03-04 07:44:33,576 - BotAutomation - INFO - Pistol standoff: both 𓉸 𝙨𝙮𝙭 and Bertoメ have Glock role
2025-03-04 07:44:45,989 - BotAutomation.APIClient - INFO - Making API request to endpoint: https://unbelievaboat.com/api/v1/guilds/1179875647007506502/users/297605528849481728
2025-03-04 07:44:45,989 - BotAutomation.APIClient - INFO - Attempting to remove 2787 from user 297605528849481728 in guild 1179875647007506502
2025-03-04 07:44:46,576 - BotAutomation.APIClient - INFO - Successfully removed 2787 from user 297605528849481728
2025-03-04 07:44:46,576 - BotAutomation.APIClient - INFO - New balance: 3712919
2025-03-04 07:44:46,576 - BotAutomation.APIClient - INFO - Making API request to endpoint: https://unbelievaboat.com/api/v1/guilds/1179875647007506502/users/694953371769241610
2025-03-04 07:44:46,577 - BotAutomation.APIClient - INFO - Attempting to remove 2789 from user 694953371769241610 in guild 1179875647007506502
2025-03-04 07:44:47,161 - BotAutomation.APIClient - INFO - Successfully removed 2789 from user 694953371769241610
2025-03-04 07:44:47,161 - BotAutomation.APIClient - INFO - New balance: 1088715
2025-03-04 07:49:25,305 - discord.client - WARNING - PyNaCl is not installed, voice will NOT be supported
2025-03-04 07:49:25,307 - discord.client - INFO - logging in using static token
2025-03-04 07:49:25,622 - BotAutomation - INFO - Bot is setting up...
2025-03-04 07:49:26,111 - discord.gateway - INFO - Shard ID None has connected to Gateway (Session ID: be64937b16682c8dc7a052cf64b2d58b).
2025-03-04 07:49:28,127 - BotAutomation - INFO - Logged in as 🟠 Saiyans Bot メ ☁#3714
2025-03-04 07:49:57,518 - BotAutomation - INFO - Plock command: Checking if Bertoメ has shotgun/woozie/uzi/plock roles
2025-03-04 07:49:57,519 - BotAutomation - INFO - Bertoメ has shotgun role, scaring away plock user
2025-03-04 07:53:33,890 - discord.client - WARNING - PyNaCl is not installed, voice will NOT be supported
2025-03-04 07:53:33,891 - discord.client - INFO - logging in using static token
2025-03-04 07:53:34,442 - BotAutomation - INFO - Bot is setting up...
2025-03-04 07:53:34,907 - discord.gateway - INFO - Shard ID None has connected to Gateway (Session ID: 3a59e05debdecd8c94c9d85216ac7f59).
2025-03-04 07:53:36,927 - BotAutomation - INFO - Logged in as 🟠 Saiyans Bot メ ☁#3714
2025-03-04 07:54:15,598 - discord.ext.commands.bot - ERROR - Ignoring exception in command None
discord.ext.commands.errors.CommandNotFound: Command "disable" is not found
2025-03-04 07:56:10,098 - BotAutomation - INFO - Plock command: Checking if Bertoメ has shotgun/woozie/uzi/plock roles
2025-03-04 07:56:10,098 - BotAutomation - INFO - Pistol standoff: both 𓉸 𝙨𝙮𝙭 and Bertoメ have Glock role
2025-03-04 07:56:17,122 - BotAutomation.APIClient - INFO - Making API request to endpoint: https://unbelievaboat.com/api/v1/guilds/1179875647007506502/users/297605528849481728
2025-03-04 07:56:17,122 - BotAutomation.APIClient - INFO - Attempting to remove 2582 from user 297605528849481728 in guild 1179875647007506502
2025-03-04 07:56:17,645 - BotAutomation.APIClient - INFO - Successfully removed 2582 from user 297605528849481728
2025-03-04 07:56:17,646 - BotAutomation.APIClient - INFO - New balance: 3710403
2025-03-04 07:56:17,646 - BotAutomation.APIClient - INFO - Making API request to endpoint: https://unbelievaboat.com/api/v1/guilds/1179875647007506502/users/694953371769241610
2025-03-04 07:56:17,646 - BotAutomation.APIClient - INFO - Attempting to remove 4146 from user 694953371769241610 in guild 1179875647007506502
2025-03-04 07:56:18,173 - BotAutomation.APIClient - INFO - Successfully removed 4146 from user 694953371769241610
2025-03-04 07:56:18,173 - BotAutomation.APIClient - INFO - New balance: 202645
2025-03-04 08:03:07,772 - discord.client - WARNING - PyNaCl is not installed, voice will NOT be supported
2025-03-04 08:03:07,774 - discord.client - INFO - logging in using static token
2025-03-04 08:03:08,186 - BotAutomation - INFO - Bot is setting up...
2025-03-04 08:03:08,669 - discord.gateway - INFO - Shard ID None has connected to Gateway (Session ID: 9d9126b34b3e66e8179237d9a7cd1a5c).
2025-03-04 08:03:10,692 - BotAutomation - INFO - Logged in as 🟠 Saiyans Bot メ ☁#3714
2025-03-04 08:06:59,476 - BotAutomation - INFO - Started Python HTTP server for UptimeRobot
2025-03-04 08:06:59,476 - BotAutomation - INFO - Starting Discord bot
2025-03-04 08:06:59,477 - discord.client - WARNING - PyNaCl is not installed, voice will NOT be supported
2025-03-04 08:06:59,479 - discord.client - INFO - logging in using static token
2025-03-04 08:06:59,485 - BotAutomation.KeepAlive - INFO - Starting keep-alive server on port 8080
2025-03-04 08:06:59,815 - BotAutomation - INFO - Bot is setting up...
2025-03-04 08:07:00,270 - discord.gateway - INFO - Shard ID None has connected to Gateway (Session ID: 72879f9b8ce3c571568747a4a5335334).
2025-03-04 08:07:02,291 - BotAutomation - INFO - Logged in as 🟠 Saiyans Bot メ ☁#3714
2025-03-04 08:09:57,952 - BotAutomation - INFO - Started Python HTTP server for UptimeRobot
2025-03-04 08:09:57,954 - BotAutomation - INFO - Starting Discord bot
2025-03-04 08:09:57,966 - discord.client - WARNING - PyNaCl is not installed, voice will NOT be supported
2025-03-04 08:09:57,985 - discord.client - INFO - logging in using static token
2025-03-04 08:09:57,997 - BotAutomation.KeepAlive - INFO - Starting keep-alive server on port 8080
2025-03-04 08:09:57,999 - BotAutomation.KeepAlive - INFO - Server URL: https://workspace.syxshogun.repl.co
2025-03-04 08:09:58,354 - BotAutomation - INFO - Bot is setting up...
2025-03-04 08:09:58,923 - discord.gateway - INFO - Shard ID None has connected to Gateway (Session ID: 6deb3e843141de844d158c64befd7323).
2025-03-04 08:10:00,955 - BotAutomation - INFO - Logged in as 🟠 Saiyans Bot メ ☁#3714
2025-03-04 08:11:24,082 - BotAutomation - INFO - Started Python HTTP server for UptimeRobot
2025-03-04 08:11:24,083 - BotAutomation - INFO - Starting Discord bot
2025-03-04 08:11:24,086 - discord.client - WARNING - PyNaCl is not installed, voice will NOT be supported
2025-03-04 08:11:24,088 - discord.client - INFO - logging in using static token
2025-03-04 08:11:24,092 - BotAutomation.KeepAlive - INFO - Starting keep-alive server on port 8080
2025-03-04 08:11:24,092 - BotAutomation.KeepAlive - INFO - Primary URL: https://workspace.syxshogun.repl.co
2025-03-04 08:11:24,092 - BotAutomation.KeepAlive - INFO - Alternative URL: https://workspace.syxshogun.repl.co
2025-03-04 08:11:24,901 - BotAutomation - INFO - Bot is setting up...
2025-03-04 08:11:25,373 - discord.gateway - INFO - Shard ID None has connected to Gateway (Session ID: 1904d2642d9cc6292f3f8d73337b8998).
2025-03-04 08:11:27,386 - BotAutomation - INFO - Logged in as 🟠 Saiyans Bot メ ☁#3714
2025-03-04 08:13:00,234 - BotAutomation - INFO - Started Python HTTP server for UptimeRobot
2025-03-04 08:13:00,234 - BotAutomation - INFO - Starting Discord bot
2025-03-04 08:13:00,235 - discord.client - WARNING - PyNaCl is not installed, voice will NOT be supported
2025-03-04 08:13:00,237 - discord.client - INFO - logging in using static token
2025-03-04 08:13:00,242 - BotAutomation.KeepAlive - INFO - Starting keep-alive server on port 8080
2025-03-04 08:13:00,242 - BotAutomation.KeepAlive - INFO - Primary URL: https://workspace.syxshogun.repl.co
2025-03-04 08:13:00,242 - BotAutomation.KeepAlive - INFO - Alternative URL: https://workspace.syxshogun.repl.co
2025-03-04 08:13:00,572 - BotAutomation - INFO - Bot is setting up...
2025-03-04 08:13:01,026 - discord.gateway - INFO - Shard ID None has connected to Gateway (Session ID: 9f01ffc8900bf9e17d951d164a5847dd).
2025-03-04 08:13:03,062 - BotAutomation - INFO - Logged in as 🟠 Saiyans Bot メ ☁#3714
